<?xml version="1.0" encoding="UTF-8"?>
<!-- Generated by org.testng.reporters.JUnitReportReporter -->
<testsuite hostname="ATMECSINDT-083" failures="0" tests="1" name="com.atmecs.automation.testscript.ProductCategoryValidation" time="12.182" errors="0" timestamp="18 Mar 2020 14:53:55 GMT" skipped="0">
  <testcase classname="com.atmecs.automation.testscript.ProductCategoryValidation" name="validateTshirt" time="12.182"/>
</testsuite> <!-- com.atmecs.automation.testscript.ProductCategoryValidation -->
