<?xml version="1.0" encoding="UTF-8"?>
<!-- Generated by org.testng.reporters.JUnitReportReporter -->
<testsuite hostname="Lenovo" failures="0" tests="1" name="com.atmecs.ap.tests.RobotMouseEvents" time="15.302" errors="0" timestamp="2020-03-30T07:24:44 GMT-07:00" skipped="0">
  <testcase classname="com.atmecs.ap.tests.RobotMouseEvents" name="uploadFile" time="15.302"/>
  <system-out/>
</testsuite> <!-- com.atmecs.ap.tests.RobotMouseEvents -->
