<?xml version="1.0" encoding="UTF-8"?>
<!-- Generated by org.testng.reporters.JUnitReportReporter -->
<testsuite hostname="Lenovo" failures="0" tests="4" name="com.selenium.testng.group.Vehicle1" time="0.050" errors="0" timestamp="2020-04-01T05:38:25 GMT-07:00" skipped="0">
  <testcase classname="com.selenium.testng.group.Vehicle1" name="getFord" time="0.006"/>
  <system-out/>
  <testcase classname="com.selenium.testng.group.Vehicle1" name="getHonda" time="0.009"/>
  <system-out/>
  <testcase classname="com.selenium.testng.group.Vehicle1" name="getAudi" time="0.021"/>
  <system-out/>
  <testcase classname="com.selenium.testng.group.Vehicle1" name="getBMW" time="0.014"/>
  <system-out/>
</testsuite> <!-- com.selenium.testng.group.Vehicle1 -->
