<?xml version="1.0" encoding="UTF-8"?>
<!-- Generated by org.testng.reporters.JUnitReportReporter -->
<testsuite hostname="Lenovo" failures="0" tests="2" name="com.selenium.testng.dependson.DependsOn" time="18.041" errors="0" timestamp="2020-04-01T06:12:39 GMT-07:00" skipped="0">
  <testcase classname="com.selenium.testng.dependson.DependsOn" name="invokeBrowser" time="12.306"/>
  <system-out/>
  <testcase classname="com.selenium.testng.dependson.DependsOn" name="login" time="5.735"/>
  <system-out/>
</testsuite> <!-- com.selenium.testng.dependson.DependsOn -->
