<?xml version="1.0" encoding="UTF-8"?>
<!-- Generated by org.testng.reporters.JUnitReportReporter -->
<testsuite hostname="Lenovo" failures="0" tests="2" name="com.selenium.testng.group.Vehicle2" time="0.015" errors="0" timestamp="2020-04-01T05:38:25 GMT-07:00" skipped="0">
  <testcase classname="com.selenium.testng.group.Vehicle2" name="getToyota" time="0.008"/>
  <system-out/>
  <testcase classname="com.selenium.testng.group.Vehicle2" name="getFerrari" time="0.007"/>
  <system-out/>
</testsuite> <!-- com.selenium.testng.group.Vehicle2 -->
