<?xml version="1.0" encoding="UTF-8"?>
<!-- Generated by org.testng.reporters.JUnitReportReporter -->
<testsuite hostname="Lenovo" failures="0" tests="2" name="com.selenium.testng.Annotations" time="0.055" errors="0" timestamp="2020-04-01T01:20:52 GMT-07:00" skipped="0">
  <testcase classname="com.selenium.testng.Annotations" name="testcase2" time="0.010"/>
  <system-out/>
  <testcase classname="com.selenium.testng.Annotations" name="testcase1" time="0.045"/>
  <system-out/>
</testsuite> <!-- com.selenium.testng.Annotations -->
