<?xml version="1.0" encoding="UTF-8"?>
<!-- Generated by org.testng.reporters.JUnitReportReporter -->
<testsuite hostname="ATMECSINDT-083" failures="0" tests="1" name="com.atmecs.automation.testscript.ProductCategoryValidation" time="18.426" errors="0" timestamp="20 Mar 2020 13:46:00 GMT" skipped="0">
  <testcase classname="com.atmecs.automation.testscript.ProductCategoryValidation" name="validateTshirts" time="18.426"/>
</testsuite> <!-- com.atmecs.automation.testscript.ProductCategoryValidation -->
