<?xml version="1.0" encoding="UTF-8"?>
<!-- Generated by org.testng.reporters.JUnitReportReporter -->
<testsuite hostname="Lenovo" failures="0" tests="1" name="com.testng.parameter.ParameterTest" time="1.246" errors="0" timestamp="2020-04-03T07:34:01 GMT-07:00" skipped="0">
  <testcase classname="com.testng.parameter.ParameterTest" name="validateCredentials" time="1.246"/>
  <system-out/>
</testsuite> <!-- com.testng.parameter.ParameterTest -->
