<?xml version="1.0" encoding="UTF-8"?>
<!-- Generated by org.testng.reporters.JUnitReportReporter -->
<testsuite hostname="Lenovo" failures="0" tests="1" name="com.testng.parameter.OptionalParameter" time="0.510" errors="0" timestamp="2020-04-03T08:06:34 GMT-07:00" skipped="0">
  <testcase classname="com.testng.parameter.OptionalParameter" name="validateCredentials" time="0.510"/>
  <system-out/>
</testsuite> <!-- com.testng.parameter.OptionalParameter -->
