<?xml version="1.0" encoding="UTF-8"?>
<!-- Generated by org.testng.reporters.JUnitReportReporter -->
<testsuite hostname="Lenovo" failures="0" tests="1" name="com.testng.dataprovider.DataProvider1" time="1.259" errors="0" timestamp="2020-04-03T08:32:34 GMT-07:00" skipped="0">
  <testcase classname="com.testng.dataprovider.DataProvider1" name="test" time="1.259"/>
  <system-out/>
</testsuite> <!-- com.testng.dataprovider.DataProvider1 -->
