<?xml version="1.0" encoding="UTF-8"?>
<!-- Generated by org.testng.reporters.JUnitReportReporter -->
<testsuite hostname="ATMECSINDT-083" failures="0" tests="1" name="com.atmecs.konakart.tests.HomePage" time="9.965" errors="0" timestamp="10 Mar 2020 07:33:03 GMT" skipped="0">
  <testcase classname="com.atmecs.konakart.tests.HomePage" name="searchProduct" time="9.965"/>
</testsuite> <!-- com.atmecs.konakart.tests.HomePage -->
