<?xml version="1.0" encoding="UTF-8"?>
<!-- Generated by org.testng.reporters.JUnitReportReporter -->
<testsuite hostname="ATMECSINDT-083" failures="0" tests="1" name="com.atmecs.webtable.test.PurchaseProduct" time="4.660" errors="0" timestamp="10 Mar 2020 13:59:19 GMT" skipped="0">
  <testcase classname="com.atmecs.webtable.test.PurchaseProduct" name="addToCart" time="4.660"/>
</testsuite> <!-- com.atmecs.webtable.test.PurchaseProduct -->
