<?xml version="1.0" encoding="UTF-8"?>
<!-- Generated by org.testng.reporters.JUnitReportReporter -->
<testsuite hostname="ATMECSINDT-083" failures="0" tests="1" name="com.atmecs.automationpractice.testscript.HomePageImageValidation" time="0.881" errors="0" timestamp="13 Mar 2020 14:48:53 GMT" skipped="0">
  <testcase classname="com.atmecs.automationpractice.testscript.HomePageImageValidation" name="validateHomePage" time="0.881"/>
</testsuite> <!-- com.atmecs.automationpractice.testscript.HomePageImageValidation -->
