<?xml version="1.0" encoding="UTF-8"?>
<!-- Generated by org.testng.reporters.JUnitReportReporter -->
<testsuite hostname="ATMECSINDT-083" failures="0" tests="1" name="com.atmecs.automationpractice.testscript.HomePageBestSellerValidation" time="0.786" errors="1" timestamp="13 Mar 2020 14:31:23 GMT" skipped="0">
  <testcase classname="com.atmecs.automationpractice.testscript.HomePageBestSellerValidation" name="validateHomePage" time="0.786">
    <error message="Found interface org.apache.poi.util.POILogger, but class was expected" type="java.lang.IncompatibleClassChangeError">
      <![CDATA[java.lang.IncompatibleClassChangeError: Found interface org.apache.poi.util.POILogger, but class was expected
	at org.apache.poi.openxml4j.opc.ZipPackage.buildPartName(ZipPackage.java:275)
	at org.apache.poi.openxml4j.opc.ZipPackage.getPartsImpl(ZipPackage.java:214)
	at org.apache.poi.openxml4j.opc.OPCPackage.getParts(OPCPackage.java:684)
	at org.apache.poi.openxml4j.opc.OPCPackage.open(OPCPackage.java:275)
	at org.apache.poi.util.PackageHelper.open(PackageHelper.java:37)
	at org.apache.poi.xssf.usermodel.XSSFWorkbook.<init>(XSSFWorkbook.java:266)
	at com.atmecs.automationpractice.utils.ExcelReader.readData(ExcelReader.java:18)
	at com.atmecs.automationpractice.pages.HomePageBestSellerPage.validateBestSellerProducts(HomePageBestSellerPage.java:36)
	at com.atmecs.automationpractice.testscript.HomePageBestSellerValidation.validateHomePage(HomePageBestSellerValidation.java:10)
	at java.base/jdk.internal.reflect.NativeMethodAccessorImpl.invoke0(Native Method)
	at java.base/jdk.internal.reflect.NativeMethodAccessorImpl.invoke(NativeMethodAccessorImpl.java:62)
	at java.base/jdk.internal.reflect.DelegatingMethodAccessorImpl.invoke(DelegatingMethodAccessorImpl.java:43)
	at java.base/java.lang.reflect.Method.invoke(Method.java:567)
	at org.testng.internal.MethodInvocationHelper.invokeMethod(MethodInvocationHelper.java:100)
	at org.testng.internal.Invoker.invokeMethod(Invoker.java:646)
	at org.testng.internal.Invoker.invokeTestMethod(Invoker.java:811)
	at org.testng.internal.Invoker.invokeTestMethods(Invoker.java:1137)
	at org.testng.internal.TestMethodWorker.invokeTestMethods(TestMethodWorker.java:129)
	at org.testng.internal.TestMethodWorker.run(TestMethodWorker.java:112)
	at org.testng.TestRunner.privateRun(TestRunner.java:753)
	at org.testng.TestRunner.run(TestRunner.java:607)
	at org.testng.SuiteRunner.runTest(SuiteRunner.java:368)
	at org.testng.SuiteRunner.runSequentially(SuiteRunner.java:363)
	at org.testng.SuiteRunner.privateRun(SuiteRunner.java:321)
	at org.testng.SuiteRunner.run(SuiteRunner.java:270)
	at org.testng.SuiteRunnerWorker.runSuite(SuiteRunnerWorker.java:52)
	at org.testng.SuiteRunnerWorker.run(SuiteRunnerWorker.java:86)
	at org.testng.TestNG.runSuitesSequentially(TestNG.java:1284)
	at org.testng.TestNG.runSuitesLocally(TestNG.java:1209)
	at org.testng.TestNG.runSuites(TestNG.java:1124)
	at org.testng.TestNG.run(TestNG.java:1096)
	at org.testng.remote.AbstractRemoteTestNG.run(AbstractRemoteTestNG.java:132)
	at org.testng.remote.RemoteTestNG.initAndRun(RemoteTestNG.java:236)
	at org.testng.remote.RemoteTestNG.main(RemoteTestNG.java:81)
]]>
    </error>
  </testcase> <!-- validateHomePage -->
</testsuite> <!-- com.atmecs.automationpractice.testscript.HomePageBestSellerValidation -->
