<?xml version="1.0" encoding="UTF-8"?>
<!-- Generated by org.testng.reporters.JUnitReportReporter -->
<testsuite hostname="Lenovo" failures="0" tests="1" name="com.atmecs.automation.testscript.ProductCategoryValidation" time="45.394" errors="0" timestamp="2020-03-24T07:25:17 GMT-07:00" skipped="0">
  <testcase classname="com.atmecs.automation.testscript.ProductCategoryValidation" name="validateTshirts" time="45.394"/>
  <system-out/>
</testsuite> <!-- com.atmecs.automation.testscript.ProductCategoryValidation -->
